<?xml version="1.0" encoding="UTF-8"?>
<!-- Generated by org.testng.reporters.JUnitXMLReporter -->
<testsuite ignored="0" hostname="DESKTOP-V07OTS6" failures="0" tests="8" name="Default test" time="112.513" errors="0" timestamp="2022-01-05T16:24:11 IST">
  <testcase classname="com.test.java.LogIn" name="LaunchApplication" time="20.663"/>
  <testcase classname="com.test.java.LogIn" name="LogInwithAccountNumberandPassword" time="18.898"/>
  <testcase classname="com.test.java.LogIn" name="SearchSKU" time="10.496"/>
  <testcase classname="com.test.java.LogIn" name="Addproduct" time="10.388"/>
  <testcase classname="com.test.java.LogIn" name="Clickminicart" time="14.876"/>
  <testcase classname="com.test.java.LogIn" name="ProceedtoCheckout" time="13.595"/>
  <testcase classname="com.test.java.LogIn" name="PlaceOrder" time="12.869"/>
  <testcase classname="com.test.java.LogIn" name="GetOrderNumber" time="0.134"/>
</testsuite> <!-- Default test -->
