<?xml version="1.0" encoding="UTF-8"?>
<testng-results ignored="0" total="2" passed="2" failed="0" skipped="0">
  <reporter-output>
  </reporter-output>
  <suite started-at="2022-01-05T09:15:58 IST" name="Default suite" finished-at="2022-01-05T09:16:20 IST" duration-ms="21830">
    <groups>
    </groups>
    <test started-at="2022-01-05T09:15:58 IST" name="Default test" finished-at="2022-01-05T09:16:20 IST" duration-ms="21830">
      <class name="com.test.java.LogIn">
        <test-method is-config="true" signature="beforeSuite(org.testng.ITestContext)[pri:0, instance:com.test.java.LogIn@4145bad8]" started-at="2022-01-05T09:15:57 IST" name="beforeSuite" finished-at="2022-01-05T09:15:58 IST" duration-ms="797" status="PASS">
          <params>
            <param index="0">
              <value>
                <![CDATA[org.testng.TestRunner@4860827a]]>
              </value>
            </param>
          </params>
          <reporter-output>
          </reporter-output>
        </test-method> <!-- beforeSuite -->
        <test-method is-config="true" signature="beforeTest()[pri:0, instance:com.test.java.LogIn@4145bad8]" started-at="2022-01-05T09:15:58 IST" name="beforeTest" finished-at="2022-01-05T09:16:05 IST" duration-ms="6948" status="PASS">
          <reporter-output>
          </reporter-output>
        </test-method> <!-- beforeTest -->
        <test-method signature="LaunchApplication()[pri:1, instance:com.test.java.LogIn@4145bad8]" started-at="2022-01-05T09:16:05 IST" name="LaunchApplication" description="Launch Application Homepage" finished-at="2022-01-05T09:16:09 IST" duration-ms="4285" status="PASS">
          <reporter-output>
          </reporter-output>
        </test-method> <!-- LaunchApplication -->
        <test-method signature="LogInwithAccountNumberandPassword()[pri:2, instance:com.test.java.LogIn@4145bad8]" started-at="2022-01-05T09:16:09 IST" name="LogInwithAccountNumberandPassword" description="Login" finished-at="2022-01-05T09:16:16 IST" duration-ms="6616" status="PASS">
          <reporter-output>
          </reporter-output>
        </test-method> <!-- LogInwithAccountNumberandPassword -->
        <test-method is-config="true" signature="afterTest()[pri:0, instance:com.test.java.LogIn@4145bad8]" started-at="2022-01-05T09:16:16 IST" name="afterTest" finished-at="2022-01-05T09:16:20 IST" duration-ms="3932" status="PASS">
          <reporter-output>
          </reporter-output>
        </test-method> <!-- afterTest -->
        <test-method is-config="true" signature="afterSuite()[pri:0, instance:com.test.java.LogIn@4145bad8]" started-at="2022-01-05T09:16:20 IST" name="afterSuite" finished-at="2022-01-05T09:16:21 IST" duration-ms="1539" status="PASS">
          <reporter-output>
          </reporter-output>
        </test-method> <!-- afterSuite -->
      </class> <!-- com.test.java.LogIn -->
    </test> <!-- Default test -->
  </suite> <!-- Default suite -->
</testng-results>
